[2017-08-01 06:02:39] app.ERROR: Class "AdminPsblogDashboard.phpController" not found in controllers/admin [] []
[2017-08-01 06:02:39] app.ERROR: Class "AdminPsblogCategories.phpController" not found in controllers/admin [] []
[2017-08-01 06:02:39] app.ERROR: Class "AdminPsblogBlogs.phpController" not found in controllers/admin [] []
[2017-08-01 06:02:39] app.ERROR: Class "AdminPsblogComments.phpController" not found in controllers/admin [] []
[2017-08-01 06:02:39] app.ERROR: Class "AdminPsblogModule.phpController" not found in controllers/admin [] []
[2017-08-01 06:02:41] app.ERROR: Class "AdminPsblogDashboard.phpController" not found in controllers/admin [] []
[2017-08-01 06:02:41] app.ERROR: Class "AdminPsblogCategories.phpController" not found in controllers/admin [] []
[2017-08-01 06:02:41] app.ERROR: Class "AdminPsblogBlogs.phpController" not found in controllers/admin [] []
[2017-08-01 06:02:41] app.ERROR: Class "AdminPsblogComments.phpController" not found in controllers/admin [] []
[2017-08-01 06:02:41] app.ERROR: Class "AdminPsblogModule.phpController" not found in controllers/admin [] []
[2017-08-01 06:02:41] app.ERROR: Class "AdminPspagebuilderProfile.phpController" not found in controllers/admin [] []
[2017-08-01 06:02:41] app.ERROR: Class "AdminPspagebuilderFooter.phpController" not found in controllers/admin [] []
[2017-08-01 06:02:42] app.ERROR: Class "AdminPspagebuilderMenu.phpController" not found in controllers/admin [] []
[2017-08-01 06:02:42] app.ERROR: Class "AdminPspagebuilderImage.phpController" not found in controllers/admin [] []
[2017-08-01 06:02:42] app.ERROR: Class "AdminPsblogDashboard.phpController" not found in controllers/admin [] []
[2017-08-01 06:02:42] app.ERROR: Class "AdminPsblogCategories.phpController" not found in controllers/admin [] []
[2017-08-01 06:02:42] app.ERROR: Class "AdminPsblogBlogs.phpController" not found in controllers/admin [] []
[2017-08-01 06:02:42] app.ERROR: Class "AdminPsblogComments.phpController" not found in controllers/admin [] []
[2017-08-01 06:02:42] app.ERROR: Class "AdminPsblogModule.phpController" not found in controllers/admin [] []
[2017-08-01 06:02:42] app.ERROR: Class "AdminPspagebuilderProfile.phpController" not found in controllers/admin [] []
[2017-08-01 06:02:42] app.ERROR: Class "AdminPspagebuilderFooter.phpController" not found in controllers/admin [] []
[2017-08-01 06:02:42] app.ERROR: Class "AdminPspagebuilderMenu.phpController" not found in controllers/admin [] []
[2017-08-01 06:02:42] app.ERROR: Class "AdminPspagebuilderImage.phpController" not found in controllers/admin [] []
[2017-08-01 06:02:42] app.ERROR: Class "AdminPsSliderLayer.phpController" not found in controllers/admin [] []
